<?xml version="1.0" encoding="UTF-8"?>
<!-- Generated by org.testng.reporters.JUnitXMLReporter -->
<testsuite hostname="MICROSO-9IG8PVH" name="Default test" tests="4" failures="0" timestamp="23 May 2014 12:53:53 GMT" time="46.676" errors="0">
  <testcase name="testEmptyGroupCreation" time="5.754" classname="com.example.tests.GroupCreationTests"/>
  <testcase name="testNonEmptyGroupCreation" time="5.773" classname="com.example.tests.GroupCreationTests"/>
  <testcase name="testEmptyContactCreation" time="6.903" classname="com.example.tests.ContactCreationTests"/>
  <testcase name="testNonEmptyContactCreation" time="9.444" classname="com.example.tests.ContactCreationTests"/>
</testsuite> <!-- Default test -->
